<?xml version="1.0" encoding="UTF-8"?>
<testng-results ignored="0" total="1" passed="1" failed="0" skipped="0">
  <reporter-output>
  </reporter-output>
  <suite started-at="2022-05-22T12:58:34 IST" name="Default suite" finished-at="2022-05-22T12:59:26 IST" duration-ms="52568">
    <groups>
    </groups>
    <test started-at="2022-05-22T12:58:34 IST" name="Default test" finished-at="2022-05-22T12:59:26 IST" duration-ms="52568">
      <class name="assignment.EndToEndBuyOrderFunctionality">
        <test-method is-config="true" signature="before()[pri:0, instance:assignment.EndToEndBuyOrderFunctionality@dd8ba08]" started-at="2022-05-22T12:58:34 IST" name="before" finished-at="2022-05-22T12:58:34 IST" duration-ms="6" status="PASS">
          <reporter-output>
          </reporter-output>
        </test-method> <!-- before -->
        <test-method signature="EcomSignUp()[pri:0, instance:assignment.EndToEndBuyOrderFunctionality@dd8ba08]" started-at="2022-05-22T12:58:34 IST" name="EcomSignUp" finished-at="2022-05-22T12:59:26 IST" duration-ms="52522" status="PASS">
          <reporter-output>
          </reporter-output>
        </test-method> <!-- EcomSignUp -->
      </class> <!-- assignment.EndToEndBuyOrderFunctionality -->
    </test> <!-- Default test -->
  </suite> <!-- Default suite -->
</testng-results>
